<?xml version="1.0" encoding="UTF-8"?>
<testng-results ignored="0" total="2" passed="2" failed="0" skipped="0">
  <reporter-output>
  </reporter-output>
  <suite started-at="2023-11-10T15:52:27 IST" name="Suite" finished-at="2023-11-10T15:52:47 IST" duration-ms="19948">
    <groups>
    </groups>
    <test started-at="2023-11-10T15:52:27 IST" name="loginTest" finished-at="2023-11-10T15:52:36 IST" duration-ms="9643">
      <class name="test1.TC0001_RegisterTest">
        <test-method is-config="true" signature="setdata()[pri:0, instance:test1.TC0001_RegisterTest@54e041a4]" started-at="2023-11-10T15:52:27 IST" name="setdata" finished-at="2023-11-10T15:52:27 IST" duration-ms="16" status="PASS">
          <reporter-output>
          </reporter-output>
        </test-method> <!-- setdata -->
        <test-method is-config="true" signature="browserlaunch(java.lang.String,java.lang.String)[pri:0, instance:test1.TC0001_RegisterTest@54e041a4]" started-at="2023-11-10T15:52:28 IST" name="browserlaunch" finished-at="2023-11-10T15:52:35 IST" duration-ms="6799" status="PASS">
          <params>
            <param index="0">
              <value>
                <![CDATA[https://www.demoblaze.com/]]>
              </value>
            </param>
            <param index="1">
              <value>
                <![CDATA[chrome]]>
              </value>
            </param>
          </params>
          <reporter-output>
          </reporter-output>
        </test-method> <!-- browserlaunch -->
        <test-method signature="Register(java.lang.String,java.lang.String)[pri:1, instance:test1.TC0001_RegisterTest@54e041a4]" started-at="2023-11-10T15:52:35 IST" name="Register" data-provider="getdata" finished-at="2023-11-10T15:52:36 IST" duration-ms="764" status="PASS">
          <params>
            <param index="0">
              <value>
                <![CDATA[Vignesh12344455555@gmail.com]]>
              </value>
            </param>
            <param index="1">
              <value>
                <![CDATA[Vignesh@123]]>
              </value>
            </param>
          </params>
          <reporter-output>
          </reporter-output>
        </test-method> <!-- Register -->
        <test-method is-config="true" signature="browserclose()[pri:0, instance:test1.TC0001_RegisterTest@54e041a4]" started-at="2023-11-10T15:52:36 IST" name="browserclose" finished-at="2023-11-10T15:52:36 IST" duration-ms="257" status="PASS">
          <reporter-output>
          </reporter-output>
        </test-method> <!-- browserclose -->
      </class> <!-- test1.TC0001_RegisterTest -->
    </test> <!-- loginTest -->
    <test started-at="2023-11-10T15:52:37 IST" name="LoginTest" finished-at="2023-11-10T15:52:47 IST" duration-ms="9701">
      <class name="test1.TC0002_LoginTest">
        <test-method is-config="true" signature="setdata()[pri:0, instance:test1.TC0002_LoginTest@e25951c]" started-at="2023-11-10T15:52:37 IST" name="setdata" finished-at="2023-11-10T15:52:37 IST" duration-ms="1" status="PASS">
          <reporter-output>
          </reporter-output>
        </test-method> <!-- setdata -->
        <test-method is-config="true" signature="browserlaunch(java.lang.String,java.lang.String)[pri:0, instance:test1.TC0002_LoginTest@e25951c]" started-at="2023-11-10T15:52:37 IST" name="browserlaunch" finished-at="2023-11-10T15:52:41 IST" duration-ms="4081" status="PASS">
          <params>
            <param index="0">
              <value>
                <![CDATA[https://www.demoblaze.com/]]>
              </value>
            </param>
            <param index="1">
              <value>
                <![CDATA[chrome]]>
              </value>
            </param>
          </params>
          <reporter-output>
          </reporter-output>
        </test-method> <!-- browserlaunch -->
        <test-method signature="Login(java.lang.String,java.lang.String)[pri:2, instance:test1.TC0002_LoginTest@e25951c]" started-at="2023-11-10T15:52:41 IST" name="Login" data-provider="getdata" finished-at="2023-11-10T15:52:46 IST" duration-ms="4933" status="PASS">
          <params>
            <param index="0">
              <value>
                <![CDATA[Vignesh12344455555@gmail.com]]>
              </value>
            </param>
            <param index="1">
              <value>
                <![CDATA[Vignesh@123]]>
              </value>
            </param>
          </params>
          <reporter-output>
          </reporter-output>
        </test-method> <!-- Login -->
        <test-method is-config="true" signature="browserclose()[pri:0, instance:test1.TC0002_LoginTest@e25951c]" started-at="2023-11-10T15:52:46 IST" name="browserclose" finished-at="2023-11-10T15:52:47 IST" duration-ms="237" status="PASS">
          <reporter-output>
          </reporter-output>
        </test-method> <!-- browserclose -->
      </class> <!-- test1.TC0002_LoginTest -->
    </test> <!-- LoginTest -->
  </suite> <!-- Suite -->
</testng-results>
